<?xml version="1.0" encoding="UTF-8"?>
<coverage generated="1645067153768" clover="3.2.0">
  <project timestamp="1645067153768" name="All files">
    <metrics statements="34" coveredstatements="10" conditionals="14" coveredconditionals="0" methods="6" coveredmethods="1" elements="54" coveredelements="11" complexity="0" loc="34" ncloc="34" packages="2" files="2" classes="2"/>
    <package name="business">
      <metrics statements="13" coveredstatements="6" conditionals="6" coveredconditionals="0" methods="2" coveredmethods="1"/>
      <file name="conversion.js" path="C:\Users\janebim\Documents\bim\Codes\unit_calculator\business\conversion.js">
        <metrics statements="13" coveredstatements="6" conditionals="6" coveredconditionals="0" methods="2" coveredmethods="1"/>
        <line num="1" count="1" type="stmt"/>
        <line num="3" count="1" type="stmt"/>
        <line num="4" count="1" type="stmt"/>
        <line num="5" count="1" type="stmt"/>
        <line num="6" count="1" type="stmt"/>
        <line num="8" count="1" type="stmt"/>
        <line num="9" count="0" type="stmt"/>
        <line num="10" count="0" type="cond" truecount="0" falsecount="2"/>
        <line num="11" count="0" type="stmt"/>
        <line num="13" count="0" type="cond" truecount="0" falsecount="4"/>
        <line num="14" count="0" type="stmt"/>
        <line num="15" count="0" type="stmt"/>
        <line num="22" count="0" type="stmt"/>
      </file>
    </package>
    <package name="repository">
      <metrics statements="21" coveredstatements="4" conditionals="8" coveredconditionals="0" methods="4" coveredmethods="0"/>
      <file name="database.js" path="C:\Users\janebim\Documents\bim\Codes\unit_calculator\repository\database.js">
        <metrics statements="21" coveredstatements="4" conditionals="8" coveredconditionals="0" methods="4" coveredmethods="0"/>
        <line num="1" count="1" type="stmt"/>
        <line num="2" count="1" type="stmt"/>
        <line num="4" count="1" type="stmt"/>
        <line num="5" count="0" type="cond" truecount="0" falsecount="2"/>
        <line num="7" count="0" type="stmt"/>
        <line num="8" count="0" type="stmt"/>
        <line num="10" count="0" type="stmt"/>
        <line num="12" count="0" type="stmt"/>
        <line num="14" count="0" type="cond" truecount="0" falsecount="2"/>
        <line num="19" count="0" type="stmt"/>
        <line num="26" count="0" type="cond" truecount="0" falsecount="2"/>
        <line num="30" count="0" type="stmt"/>
        <line num="31" count="0" type="stmt"/>
        <line num="32" count="0" type="stmt"/>
        <line num="33" count="0" type="stmt"/>
        <line num="34" count="0" type="stmt"/>
        <line num="35" count="0" type="stmt"/>
        <line num="36" count="0" type="stmt"/>
        <line num="40" count="0" type="stmt"/>
        <line num="49" count="0" type="cond" truecount="0" falsecount="2"/>
        <line num="57" count="1" type="stmt"/>
      </file>
    </package>
  </project>
</coverage>
