{"C:\\Users\\janebim\\Documents\\bim\\Codes\\unit_calculator\\business\\conversion.js": {"path":"C:\\Users\\janebim\\Documents\\bim\\Codes\\unit_calculator\\business\\conversion.js","statementMap":{"0":{"start":{"line":1,"column":11},"end":{"line":1,"column":44}},"1":{"start":{"line":3,"column":0},"end":{"line":25,"column":1}},"2":{"start":{"line":4,"column":16},"end":{"line":4,"column":79}},"3":{"start":{"line":5,"column":19},"end":{"line":5,"column":57}},"4":{"start":{"line":6,"column":23},"end":{"line":6,"column":39}},"5":{"start":{"line":8,"column":4},"end":{"line":24,"column":7}},"6":{"start":{"line":9,"column":23},"end":{"line":9,"column":25}},"7":{"start":{"line":10,"column":8},"end":{"line":12,"column":9}},"8":{"start":{"line":11,"column":12},"end":{"line":11,"column":59}},"9":{"start":{"line":13,"column":8},"end":{"line":23,"column":9}},"10":{"start":{"line":14,"column":27},"end":{"line":14,"column":73}},"11":{"start":{"line":15,"column":12},"end":{"line":19,"column":15}},"12":{"start":{"line":22,"column":12},"end":{"line":22,"column":66}}},"fnMap":{"0":{"name":"(anonymous_0)","decl":{"start":{"line":3,"column":17},"end":{"line":3,"column":18}},"loc":{"start":{"line":3,"column":37},"end":{"line":25,"column":1}},"line":3},"1":{"name":"(anonymous_1)","decl":{"start":{"line":8,"column":24},"end":{"line":8,"column":25}},"loc":{"start":{"line":8,"column":38},"end":{"line":24,"column":5}},"line":8}},"branchMap":{"0":{"loc":{"start":{"line":10,"column":8},"end":{"line":12,"column":9}},"type":"if","locations":[{"start":{"line":10,"column":8},"end":{"line":12,"column":9}},{"start":{},"end":{}}],"line":10},"1":{"loc":{"start":{"line":13,"column":8},"end":{"line":23,"column":9}},"type":"if","locations":[{"start":{"line":13,"column":8},"end":{"line":23,"column":9}},{"start":{"line":21,"column":15},"end":{"line":23,"column":9}}],"line":13},"2":{"loc":{"start":{"line":13,"column":12},"end":{"line":13,"column":42}},"type":"binary-expr","locations":[{"start":{"line":13,"column":12},"end":{"line":13,"column":15}},{"start":{"line":13,"column":19},"end":{"line":13,"column":42}}],"line":13}},"s":{"0":1,"1":1,"2":1,"3":1,"4":1,"5":1,"6":0,"7":0,"8":0,"9":0,"10":0,"11":0,"12":0},"f":{"0":1,"1":0},"b":{"0":[0,0],"1":[0,0],"2":[0,0]},"_coverageSchema":"1a1c01bbd47fc00a2c39e90264f33305004495a9","hash":"1114cd8c4f35ac16ffa9ec3b68c443c242e24ad6"}
,"C:\\Users\\janebim\\Documents\\bim\\Codes\\unit_calculator\\repository\\database.js": {"path":"C:\\Users\\janebim\\Documents\\bim\\Codes\\unit_calculator\\repository\\database.js","statementMap":{"0":{"start":{"line":1,"column":16},"end":{"line":1,"column":44}},"1":{"start":{"line":2,"column":17},"end":{"line":2,"column":28}},"2":{"start":{"line":4,"column":9},"end":{"line":54,"column":2}},"3":{"start":{"line":5,"column":4},"end":{"line":53,"column":5}},"4":{"start":{"line":7,"column":8},"end":{"line":7,"column":34}},"5":{"start":{"line":8,"column":8},"end":{"line":8,"column":17}},"6":{"start":{"line":10,"column":8},"end":{"line":10,"column":56}},"7":{"start":{"line":12,"column":8},"end":{"line":17,"column":15}},"8":{"start":{"line":14,"column":16},"end":{"line":16,"column":17}},"9":{"start":{"line":19,"column":8},"end":{"line":38,"column":15}},"10":{"start":{"line":26,"column":16},"end":{"line":37,"column":17}},"11":{"start":{"line":30,"column":33},"end":{"line":30,"column":101}},"12":{"start":{"line":31,"column":20},"end":{"line":31,"column":67}},"13":{"start":{"line":32,"column":20},"end":{"line":32,"column":66}},"14":{"start":{"line":33,"column":20},"end":{"line":33,"column":74}},"15":{"start":{"line":34,"column":20},"end":{"line":34,"column":75}},"16":{"start":{"line":35,"column":20},"end":{"line":35,"column":77}},"17":{"start":{"line":36,"column":20},"end":{"line":36,"column":70}},"18":{"start":{"line":40,"column":8},"end":{"line":52,"column":15}},"19":{"start":{"line":49,"column":16},"end":{"line":51,"column":17}},"20":{"start":{"line":57,"column":0},"end":{"line":57,"column":19}}},"fnMap":{"0":{"name":"(anonymous_0)","decl":{"start":{"line":4,"column":40},"end":{"line":4,"column":41}},"loc":{"start":{"line":4,"column":49},"end":{"line":54,"column":1}},"line":4},"1":{"name":"(anonymous_1)","decl":{"start":{"line":13,"column":12},"end":{"line":13,"column":13}},"loc":{"start":{"line":13,"column":21},"end":{"line":17,"column":13}},"line":13},"2":{"name":"(anonymous_2)","decl":{"start":{"line":25,"column":12},"end":{"line":25,"column":13}},"loc":{"start":{"line":25,"column":21},"end":{"line":38,"column":13}},"line":25},"3":{"name":"(anonymous_3)","decl":{"start":{"line":48,"column":12},"end":{"line":48,"column":13}},"loc":{"start":{"line":48,"column":21},"end":{"line":52,"column":13}},"line":48}},"branchMap":{"0":{"loc":{"start":{"line":5,"column":4},"end":{"line":53,"column":5}},"type":"if","locations":[{"start":{"line":5,"column":4},"end":{"line":53,"column":5}},{"start":{"line":9,"column":11},"end":{"line":53,"column":5}}],"line":5},"1":{"loc":{"start":{"line":14,"column":16},"end":{"line":16,"column":17}},"type":"if","locations":[{"start":{"line":14,"column":16},"end":{"line":16,"column":17}},{"start":{},"end":{}}],"line":14},"2":{"loc":{"start":{"line":26,"column":16},"end":{"line":37,"column":17}},"type":"if","locations":[{"start":{"line":26,"column":16},"end":{"line":37,"column":17}},{"start":{"line":28,"column":23},"end":{"line":37,"column":17}}],"line":26},"3":{"loc":{"start":{"line":49,"column":16},"end":{"line":51,"column":17}},"type":"if","locations":[{"start":{"line":49,"column":16},"end":{"line":51,"column":17}},{"start":{},"end":{}}],"line":49}},"s":{"0":1,"1":1,"2":1,"3":0,"4":0,"5":0,"6":0,"7":0,"8":0,"9":0,"10":0,"11":0,"12":0,"13":0,"14":0,"15":0,"16":0,"17":0,"18":0,"19":0,"20":1},"f":{"0":0,"1":0,"2":0,"3":0},"b":{"0":[0,0],"1":[0,0],"2":[0,0],"3":[0,0]},"_coverageSchema":"1a1c01bbd47fc00a2c39e90264f33305004495a9","hash":"9e12312666e9f640b0d13dadce9c497963fe970d"}
}
